
> gallery-tour-frontend@1.0.0 dev /Users/itzhan/Desktop/毕业设计/孙晓鹤/frontend
> vite --port 5173


  VITE v6.4.1  ready in 190 ms

  ➜  Local:   http://localhost:5173/
  ➜  Network: http://192.168.31.156:5173/
  ➜  Network: http://198.18.0.1:5173/
  ➜  Network: http://192.168.139.3:5173/
  ➜  Network: http://192.168.194.0:5173/
12:01:01 AM [vite] http proxy error: /api/public/exhibitions?page=1&size=6
AggregateError [ECONNREFUSED]: 
    at internalConnectMultiple (node:net:1139:18)
    at afterConnectMultiple (node:net:1714:7)
12:01:01 AM [vite] http proxy error: /api/public/announcements?page=1&size=5
AggregateError [ECONNREFUSED]: 
    at internalConnectMultiple (node:net:1139:18)
    at afterConnectMultiple (node:net:1714:7)
12:01:01 AM [vite] http proxy error: /api/public/categories
AggregateError [ECONNREFUSED]: 
    at internalConnectMultiple (node:net:1139:18)
    at afterConnectMultiple (node:net:1714:7)
12:25:54 AM [vite] (client) hmr update /src/views/ExhibitionDetail.vue
12:27:33 AM [vite] (client) hmr update /src/views/ExhibitionDetail.vue
12:28:09 AM [vite] (client) hmr update /src/views/ExhibitionDetail.vue, /src/views/ExhibitionDetail.vue?vue&type=style&index=0&scoped=9b8e4608&lang.css
1:31:32 AM [vite] (client) hmr update /src/views/ExhibitionDetail.vue
1:49:40 AM [vite] (client) hmr update /src/views/ExhibitionDetail.vue
 ELIFECYCLE  Command failed.
